<?xml version="1.0" encoding="UTF-8"?>
<!-- Generated by org.testng.reporters.JUnitXMLReporter -->
<testsuite hostname="Mahesh-PC" ignored="0" tests="4" failures="0" timestamp="2019-09-05T14:06:15 IST" time="0.173" errors="0">
  <testcase name="test1" time="0.024" classname="TestNGGroupsDemo"/>
  <testcase name="test2" time="0.004" classname="TestNGGroupsDemo"/>
  <testcase name="test3" time="0.005" classname="TestNGGroupsDemo"/>
  <testcase name="test4" time="0.007" classname="TestNGGroupsDemo"/>
</testsuite>
