<?xml version="1.0" encoding="UTF-8"?>
<testng-results skipped="0" failed="0" ignored="0" total="1" passed="1">
  <reporter-output>
  </reporter-output>
  <suite name="Default suite" duration-ms="46355" started-at="2019-09-07T16:56:47 IST" finished-at="2019-09-07T16:57:34 IST">
    <groups>
    </groups>
    <test name="Default test" duration-ms="46355" started-at="2019-09-07T16:56:47 IST" finished-at="2019-09-07T16:57:34 IST">
      <class name="demo.Test1">
        <test-method status="PASS" signature="setUp()[pri:0, instance:demo.Test1@5a8806ef]" name="setUp" is-config="true" duration-ms="23374" started-at="2019-09-07T16:56:48 IST" finished-at="2019-09-07T16:57:11 IST">
          <reporter-output>
          </reporter-output>
        </test-method> <!-- setUp -->
        <test-method status="PASS" signature="test1()[pri:0, instance:demo.Test1@5a8806ef]" name="test1" duration-ms="21753" started-at="2019-09-07T16:57:11 IST" finished-at="2019-09-07T16:57:33 IST">
          <reporter-output>
          </reporter-output>
        </test-method> <!-- test1 -->
        <test-method status="PASS" signature="tearDown()[pri:0, instance:demo.Test1@5a8806ef]" name="tearDown" is-config="true" duration-ms="1088" started-at="2019-09-07T16:57:33 IST" finished-at="2019-09-07T16:57:34 IST">
          <reporter-output>
          </reporter-output>
        </test-method> <!-- tearDown -->
      </class> <!-- demo.Test1 -->
    </test> <!-- Default test -->
  </suite> <!-- Default suite -->
</testng-results>
